  Source.cpp
c:\users\偉德\documents\c製作全集\期末考練習題\進銷存系統\進銷存系統\source.cpp(25): warning C4996: 'fopen': This function or variable may be unsafe. Consider using fopen_s instead. To disable deprecation, use _CRT_SECURE_NO_WARNINGS. See online help for details.
  c:\program files (x86)\windows kits\10\include\10.0.10240.0\ucrt\stdio.h(205): note: 請參閱 'fopen' 的宣告
c:\users\偉德\documents\c製作全集\期末考練習題\進銷存系統\進銷存系統\source.cpp(28): warning C4996: 'fscanf': This function or variable may be unsafe. Consider using fscanf_s instead. To disable deprecation, use _CRT_SECURE_NO_WARNINGS. See online help for details.
  c:\program files (x86)\windows kits\10\include\10.0.10240.0\ucrt\stdio.h(1193): note: 請參閱 'fscanf' 的宣告
c:\users\偉德\documents\c製作全集\期末考練習題\進銷存系統\進銷存系統\source.cpp(30): warning C4996: 'fscanf': This function or variable may be unsafe. Consider using fscanf_s instead. To disable deprecation, use _CRT_SECURE_NO_WARNINGS. See online help for details.
  c:\program files (x86)\windows kits\10\include\10.0.10240.0\ucrt\stdio.h(1193): note: 請參閱 'fscanf' 的宣告
c:\users\偉德\documents\c製作全集\期末考練習題\進銷存系統\進銷存系統\source.cpp(39): warning C4996: 'scanf': This function or variable may be unsafe. Consider using scanf_s instead. To disable deprecation, use _CRT_SECURE_NO_WARNINGS. See online help for details.
  c:\program files (x86)\windows kits\10\include\10.0.10240.0\ucrt\stdio.h(1270): note: 請參閱 'scanf' 的宣告
c:\users\偉德\documents\c製作全集\期末考練習題\進銷存系統\進銷存系統\source.cpp(43): warning C4996: 'scanf': This function or variable may be unsafe. Consider using scanf_s instead. To disable deprecation, use _CRT_SECURE_NO_WARNINGS. See online help for details.
  c:\program files (x86)\windows kits\10\include\10.0.10240.0\ucrt\stdio.h(1270): note: 請參閱 'scanf' 的宣告
c:\users\偉德\documents\c製作全集\期末考練習題\進銷存系統\進銷存系統\source.cpp(48): warning C4996: 'scanf': This function or variable may be unsafe. Consider using scanf_s instead. To disable deprecation, use _CRT_SECURE_NO_WARNINGS. See online help for details.
  c:\program files (x86)\windows kits\10\include\10.0.10240.0\ucrt\stdio.h(1270): note: 請參閱 'scanf' 的宣告
c:\users\偉德\documents\c製作全集\期末考練習題\進銷存系統\進銷存系統\source.cpp(76): warning C4996: 'strcpy': This function or variable may be unsafe. Consider using strcpy_s instead. To disable deprecation, use _CRT_SECURE_NO_WARNINGS. See online help for details.
  c:\program files (x86)\windows kits\10\include\10.0.10240.0\ucrt\string.h(119): note: 請參閱 'strcpy' 的宣告
c:\users\偉德\documents\c製作全集\期末考練習題\進銷存系統\進銷存系統\source.cpp(116): warning C4996: 'scanf': This function or variable may be unsafe. Consider using scanf_s instead. To disable deprecation, use _CRT_SECURE_NO_WARNINGS. See online help for details.
  c:\program files (x86)\windows kits\10\include\10.0.10240.0\ucrt\stdio.h(1270): note: 請參閱 'scanf' 的宣告
c:\users\偉德\documents\c製作全集\期末考練習題\進銷存系統\進銷存系統\source.cpp(117): warning C4996: 'scanf': This function or variable may be unsafe. Consider using scanf_s instead. To disable deprecation, use _CRT_SECURE_NO_WARNINGS. See online help for details.
  c:\program files (x86)\windows kits\10\include\10.0.10240.0\ucrt\stdio.h(1270): note: 請參閱 'scanf' 的宣告
c:\users\偉德\documents\c製作全集\期末考練習題\進銷存系統\進銷存系統\source.cpp(118): warning C4996: 'fopen': This function or variable may be unsafe. Consider using fopen_s instead. To disable deprecation, use _CRT_SECURE_NO_WARNINGS. See online help for details.
  c:\program files (x86)\windows kits\10\include\10.0.10240.0\ucrt\stdio.h(205): note: 請參閱 'fopen' 的宣告
  進銷存系統.vcxproj -> C:\Users\偉德\Documents\c製作全集\期末考練習題\進銷存系統\Debug\進銷存系統.exe
